<?xml version="1.0" encoding="UTF-8"?>
<testsuite name="tests.shorttest.DemoQaTest" tests="1" skipped="0" failures="0" errors="0" timestamp="2025-04-08T08:35:01" hostname="G9900-NMP2LWDQP" time="5.542">
  <properties/>
  <testcase name="Проверка формы регистрации на сайте DemoQA. Негативный сценарий" classname="tests.shorttest.DemoQaTest" time="5.542"/>
  <system-out><![CDATA[]]></system-out>
  <system-err><![CDATA[SLF4J(W): No SLF4J providers were found.
SLF4J(W): Defaulting to no-operation (NOP) logger implementation
SLF4J(W): See https://www.slf4j.org/codes.html#noProviders for further details.
апр. 08, 2025 11:35:03 AM org.openqa.selenium.devtools.CdpVersionFinder findNearestMatch
WARNING: Unable to find CDP implementation matching 134
апр. 08, 2025 11:35:03 AM org.openqa.selenium.chromium.ChromiumDriver lambda$new$5
WARNING: Unable to find version of CDP to use for 134.0.6998.179. You may need to include a dependency on a specific version of the CDP using something similar to `org.seleniumhq.selenium:selenium-devtools-v86:4.25.0` where the version ("v86") matches the version of the chromium-based browser you're using and the version number of the artifact is the same as Selenium's.
]]></system-err>
</testsuite>
