<?xml version="1.0" encoding="UTF-8"?>
<testsuite name="tests.shorttest.DemoQaTest" tests="1" skipped="0" failures="0" errors="0" timestamp="2025-02-18T10:40:45" hostname="G9900-NMP2LWDQP" time="6.162">
  <properties/>
  <testcase name="testDemoQa()" classname="tests.shorttest.DemoQaTest" time="6.162"/>
  <system-out><![CDATA[]]></system-out>
  <system-err><![CDATA[SLF4J(W): No SLF4J providers were found.
SLF4J(W): Defaulting to no-operation (NOP) logger implementation
SLF4J(W): See https://www.slf4j.org/codes.html#noProviders for further details.
февр. 18, 2025 1:40:46 PM org.openqa.selenium.devtools.CdpVersionFinder findNearestMatch
WARNING: Unable to find an exact match for CDP version 133, returning the closest version; found: 129; Please update to a Selenium version that supports CDP version 133
]]></system-err>
</testsuite>
